/!\ FAILSAFE /!\  Tue Aug 25 13:29:05 -0400 2009
  Status: 500 Internal Server Error
  126: The specified module could not be found.   - C:/ruby/lib/ruby/gems/1.8/gems/mysql-2.8.1-x86-mswin32/lib/1.8/mysql_api.so
    C:/ruby/lib/ruby/gems/1.8/gems/mysql-2.8.1-x86-mswin32/lib/1.8/mysql_api.so
    C:/ruby/lib/ruby/site_ruby/1.8/rubygems/custom_require.rb:31:in `require'
    C:/ruby/lib/ruby/gems/1.8/gems/activesupport-2.3.3/lib/active_support/dependencies.rb:156:in `require'
    C:/ruby/lib/ruby/gems/1.8/gems/activesupport-2.3.3/lib/active_support/dependencies.rb:521:in `new_constants_in'
    C:/ruby/lib/ruby/gems/1.8/gems/activesupport-2.3.3/lib/active_support/dependencies.rb:156:in `require'
    C:/ruby/lib/ruby/gems/1.8/gems/mysql-2.8.1-x86-mswin32/lib/mysql.rb:7
    C:/ruby/lib/ruby/site_ruby/1.8/rubygems/custom_require.rb:36:in `gem_original_require'
    C:/ruby/lib/ruby/site_ruby/1.8/rubygems/custom_require.rb:36:in `require'
    C:/ruby/lib/ruby/gems/1.8/gems/activesupport-2.3.3/lib/active_support/dependencies.rb:156:in `require'
    C:/ruby/lib/ruby/gems/1.8/gems/activesupport-2.3.3/lib/active_support/dependencies.rb:521:in `new_constants_in'
    C:/ruby/lib/ruby/gems/1.8/gems/activesupport-2.3.3/lib/active_support/dependencies.rb:156:in `require'
    C:/ruby/lib/ruby/gems/1.8/gems/activesupport-2.3.3/lib/active_support/core_ext/kernel/requires.rb:7:in `require_library_or_gem'
    C:/ruby/lib/ruby/gems/1.8/gems/activesupport-2.3.3/lib/active_support/core_ext/kernel/reporting.rb:11:in `silence_warnings'
    C:/ruby/lib/ruby/gems/1.8/gems/activesupport-2.3.3/lib/active_support/core_ext/kernel/requires.rb:5:in `require_library_or_gem'
    C:/ruby/lib/ruby/gems/1.8/gems/activerecord-2.3.3/lib/active_record/connection_adapters/mysql_adapter.rb:65:in `mysql_connection'
    C:/ruby/lib/ruby/gems/1.8/gems/activerecord-2.3.3/lib/active_record/connection_adapters/abstract/connection_pool.rb:223:in `send'
    C:/ruby/lib/ruby/gems/1.8/gems/activerecord-2.3.3/lib/active_record/connection_adapters/abstract/connection_pool.rb:223:in `new_connection'
    C:/ruby/lib/ruby/gems/1.8/gems/activerecord-2.3.3/lib/active_record/connection_adapters/abstract/connection_pool.rb:245:in `checkout_new_connection'
    C:/ruby/lib/ruby/gems/1.8/gems/activerecord-2.3.3/lib/active_record/connection_adapters/abstract/connection_pool.rb:188:in `checkout'
    C:/ruby/lib/ruby/gems/1.8/gems/activerecord-2.3.3/lib/active_record/connection_adapters/abstract/connection_pool.rb:184:in `loop'
    C:/ruby/lib/ruby/gems/1.8/gems/activerecord-2.3.3/lib/active_record/connection_adapters/abstract/connection_pool.rb:184:in `checkout'
    C:/ruby/lib/ruby/1.8/monitor.rb:242:in `synchronize'
    C:/ruby/lib/ruby/gems/1.8/gems/activerecord-2.3.3/lib/active_record/connection_adapters/abstract/connection_pool.rb:183:in `checkout'
    C:/ruby/lib/ruby/gems/1.8/gems/activerecord-2.3.3/lib/active_record/connection_adapters/abstract/connection_pool.rb:98:in `connection'
    C:/ruby/lib/ruby/gems/1.8/gems/activerecord-2.3.3/lib/active_record/connection_adapters/abstract/connection_pool.rb:326:in `retrieve_connection'
    C:/ruby/lib/ruby/gems/1.8/gems/activerecord-2.3.3/lib/active_record/connection_adapters/abstract/connection_specification.rb:123:in `retrieve_connection'
    C:/ruby/lib/ruby/gems/1.8/gems/activerecord-2.3.3/lib/active_record/connection_adapters/abstract/connection_specification.rb:115:in `connection'
    C:/ruby/lib/ruby/gems/1.8/gems/activerecord-2.3.3/lib/active_record/query_cache.rb:9:in `cache'
    C:/ruby/lib/ruby/gems/1.8/gems/activerecord-2.3.3/lib/active_record/query_cache.rb:28:in `call'
    C:/ruby/lib/ruby/gems/1.8/gems/activerecord-2.3.3/lib/active_record/connection_adapters/abstract/connection_pool.rb:361:in `call'
    C:/ruby/lib/ruby/gems/1.8/gems/rack-1.0.0/lib/rack/head.rb:9:in `call'
    C:/ruby/lib/ruby/gems/1.8/gems/rack-1.0.0/lib/rack/methodoverride.rb:24:in `call'
    C:/ruby/lib/ruby/gems/1.8/gems/actionpack-2.3.3/lib/action_controller/params_parser.rb:15:in `call'
    C:/ruby/lib/ruby/gems/1.8/gems/actionpack-2.3.3/lib/action_controller/session/cookie_store.rb:93:in `call'
    C:/ruby/lib/ruby/gems/1.8/gems/actionpack-2.3.3/lib/action_controller/reloader.rb:29:in `call'
    C:/ruby/lib/ruby/gems/1.8/gems/actionpack-2.3.3/lib/action_controller/failsafe.rb:26:in `call'
    C:/ruby/lib/ruby/gems/1.8/gems/rack-1.0.0/lib/rack/lock.rb:11:in `call'
    C:/ruby/lib/ruby/gems/1.8/gems/rack-1.0.0/lib/rack/lock.rb:11:in `synchronize'
    C:/ruby/lib/ruby/gems/1.8/gems/rack-1.0.0/lib/rack/lock.rb:11:in `call'
    C:/ruby/lib/ruby/gems/1.8/gems/actionpack-2.3.3/lib/action_controller/dispatcher.rb:106:in `call'
    C:/ruby/lib/ruby/gems/1.8/gems/rails-2.3.3/lib/rails/rack/static.rb:31:in `call'
    C:/ruby/lib/ruby/gems/1.8/gems/rack-1.0.0/lib/rack/urlmap.rb:46:in `call'
    C:/ruby/lib/ruby/gems/1.8/gems/rack-1.0.0/lib/rack/urlmap.rb:40:in `each'
    C:/ruby/lib/ruby/gems/1.8/gems/rack-1.0.0/lib/rack/urlmap.rb:40:in `call'
    C:/ruby/lib/ruby/gems/1.8/gems/rails-2.3.3/lib/rails/rack/log_tailer.rb:17:in `call'
    C:/ruby/lib/ruby/gems/1.8/gems/rack-1.0.0/lib/rack/content_length.rb:13:in `call'
    C:/ruby/lib/ruby/gems/1.8/gems/rack-1.0.0/lib/rack/chunked.rb:15:in `call'
    C:/ruby/lib/ruby/gems/1.8/gems/rack-1.0.0/lib/rack/handler/mongrel.rb:61:in `process'
    C:/ruby/lib/ruby/gems/1.8/gems/mongrel-1.1.5-x86-mswin32-60/lib/mongrel.rb:159:in `process_client'
    C:/ruby/lib/ruby/gems/1.8/gems/mongrel-1.1.5-x86-mswin32-60/lib/mongrel.rb:158:in `each'
    C:/ruby/lib/ruby/gems/1.8/gems/mongrel-1.1.5-x86-mswin32-60/lib/mongrel.rb:158:in `process_client'
    C:/ruby/lib/ruby/gems/1.8/gems/mongrel-1.1.5-x86-mswin32-60/lib/mongrel.rb:285:in `run'
    C:/ruby/lib/ruby/gems/1.8/gems/mongrel-1.1.5-x86-mswin32-60/lib/mongrel.rb:285:in `initialize'
    C:/ruby/lib/ruby/gems/1.8/gems/mongrel-1.1.5-x86-mswin32-60/lib/mongrel.rb:285:in `new'
    C:/ruby/lib/ruby/gems/1.8/gems/mongrel-1.1.5-x86-mswin32-60/lib/mongrel.rb:285:in `run'
    C:/ruby/lib/ruby/gems/1.8/gems/mongrel-1.1.5-x86-mswin32-60/lib/mongrel.rb:268:in `initialize'
    C:/ruby/lib/ruby/gems/1.8/gems/mongrel-1.1.5-x86-mswin32-60/lib/mongrel.rb:268:in `new'
    C:/ruby/lib/ruby/gems/1.8/gems/mongrel-1.1.5-x86-mswin32-60/lib/mongrel.rb:268:in `run'
    C:/ruby/lib/ruby/gems/1.8/gems/rack-1.0.0/lib/rack/handler/mongrel.rb:34:in `run'
    C:/ruby/lib/ruby/gems/1.8/gems/rails-2.3.3/lib/commands/server.rb:111
    C:/ruby/lib/ruby/site_ruby/1.8/rubygems/custom_require.rb:31:in `gem_original_require'
    C:/ruby/lib/ruby/site_ruby/1.8/rubygems/custom_require.rb:31:in `require'
    ./script/server:3
    -e:2:in `load'
    -e:2
/!\ FAILSAFE /!\  Tue Aug 25 13:29:15 -0400 2009
  Status: 500 Internal Server Error
  126: The specified module could not be found.   - C:/ruby/lib/ruby/gems/1.8/gems/mysql-2.8.1-x86-mswin32/lib/1.8/mysql_api.so
    C:/ruby/lib/ruby/gems/1.8/gems/mysql-2.8.1-x86-mswin32/lib/1.8/mysql_api.so
    C:/ruby/lib/ruby/site_ruby/1.8/rubygems/custom_require.rb:31:in `require'
    C:/ruby/lib/ruby/gems/1.8/gems/activesupport-2.3.3/lib/active_support/dependencies.rb:156:in `require'
    C:/ruby/lib/ruby/gems/1.8/gems/activesupport-2.3.3/lib/active_support/dependencies.rb:521:in `new_constants_in'
    C:/ruby/lib/ruby/gems/1.8/gems/activesupport-2.3.3/lib/active_support/dependencies.rb:156:in `require'
    C:/ruby/lib/ruby/gems/1.8/gems/mysql-2.8.1-x86-mswin32/lib/mysql.rb:7
    C:/ruby/lib/ruby/site_ruby/1.8/rubygems/custom_require.rb:31:in `gem_original_require'
    C:/ruby/lib/ruby/site_ruby/1.8/rubygems/custom_require.rb:31:in `require'
    C:/ruby/lib/ruby/gems/1.8/gems/activesupport-2.3.3/lib/active_support/dependencies.rb:156:in `require'
    C:/ruby/lib/ruby/gems/1.8/gems/activesupport-2.3.3/lib/active_support/dependencies.rb:521:in `new_constants_in'
    C:/ruby/lib/ruby/gems/1.8/gems/activesupport-2.3.3/lib/active_support/dependencies.rb:156:in `require'
    C:/ruby/lib/ruby/gems/1.8/gems/activesupport-2.3.3/lib/active_support/core_ext/kernel/requires.rb:7:in `require_library_or_gem'
    C:/ruby/lib/ruby/gems/1.8/gems/activesupport-2.3.3/lib/active_support/core_ext/kernel/reporting.rb:11:in `silence_warnings'
    C:/ruby/lib/ruby/gems/1.8/gems/activesupport-2.3.3/lib/active_support/core_ext/kernel/requires.rb:5:in `require_library_or_gem'
    C:/ruby/lib/ruby/gems/1.8/gems/activerecord-2.3.3/lib/active_record/connection_adapters/mysql_adapter.rb:65:in `mysql_connection'
    C:/ruby/lib/ruby/gems/1.8/gems/activerecord-2.3.3/lib/active_record/connection_adapters/abstract/connection_pool.rb:223:in `send'
    C:/ruby/lib/ruby/gems/1.8/gems/activerecord-2.3.3/lib/active_record/connection_adapters/abstract/connection_pool.rb:223:in `new_connection'
    C:/ruby/lib/ruby/gems/1.8/gems/activerecord-2.3.3/lib/active_record/connection_adapters/abstract/connection_pool.rb:245:in `checkout_new_connection'
    C:/ruby/lib/ruby/gems/1.8/gems/activerecord-2.3.3/lib/active_record/connection_adapters/abstract/connection_pool.rb:188:in `checkout'
    C:/ruby/lib/ruby/gems/1.8/gems/activerecord-2.3.3/lib/active_record/connection_adapters/abstract/connection_pool.rb:184:in `loop'
    C:/ruby/lib/ruby/gems/1.8/gems/activerecord-2.3.3/lib/active_record/connection_adapters/abstract/connection_pool.rb:184:in `checkout'
    C:/ruby/lib/ruby/1.8/monitor.rb:242:in `synchronize'
    C:/ruby/lib/ruby/gems/1.8/gems/activerecord-2.3.3/lib/active_record/connection_adapters/abstract/connection_pool.rb:183:in `checkout'
    C:/ruby/lib/ruby/gems/1.8/gems/activerecord-2.3.3/lib/active_record/connection_adapters/abstract/connection_pool.rb:98:in `connection'
    C:/ruby/lib/ruby/gems/1.8/gems/activerecord-2.3.3/lib/active_record/connection_adapters/abstract/connection_pool.rb:326:in `retrieve_connection'
    C:/ruby/lib/ruby/gems/1.8/gems/activerecord-2.3.3/lib/active_record/connection_adapters/abstract/connection_specification.rb:123:in `retrieve_connection'
    C:/ruby/lib/ruby/gems/1.8/gems/activerecord-2.3.3/lib/active_record/connection_adapters/abstract/connection_specification.rb:115:in `connection'
    C:/ruby/lib/ruby/gems/1.8/gems/activerecord-2.3.3/lib/active_record/query_cache.rb:9:in `cache'
    C:/ruby/lib/ruby/gems/1.8/gems/activerecord-2.3.3/lib/active_record/query_cache.rb:28:in `call'
    C:/ruby/lib/ruby/gems/1.8/gems/activerecord-2.3.3/lib/active_record/connection_adapters/abstract/connection_pool.rb:361:in `call'
    C:/ruby/lib/ruby/gems/1.8/gems/rack-1.0.0/lib/rack/head.rb:9:in `call'
    C:/ruby/lib/ruby/gems/1.8/gems/rack-1.0.0/lib/rack/methodoverride.rb:24:in `call'
    C:/ruby/lib/ruby/gems/1.8/gems/actionpack-2.3.3/lib/action_controller/params_parser.rb:15:in `call'
    C:/ruby/lib/ruby/gems/1.8/gems/actionpack-2.3.3/lib/action_controller/session/cookie_store.rb:93:in `call'
    C:/ruby/lib/ruby/gems/1.8/gems/actionpack-2.3.3/lib/action_controller/reloader.rb:29:in `call'
    C:/ruby/lib/ruby/gems/1.8/gems/actionpack-2.3.3/lib/action_controller/failsafe.rb:26:in `call'
    C:/ruby/lib/ruby/gems/1.8/gems/rack-1.0.0/lib/rack/lock.rb:11:in `call'
    C:/ruby/lib/ruby/gems/1.8/gems/rack-1.0.0/lib/rack/lock.rb:11:in `synchronize'
    C:/ruby/lib/ruby/gems/1.8/gems/rack-1.0.0/lib/rack/lock.rb:11:in `call'
    C:/ruby/lib/ruby/gems/1.8/gems/actionpack-2.3.3/lib/action_controller/dispatcher.rb:106:in `call'
    C:/ruby/lib/ruby/gems/1.8/gems/rails-2.3.3/lib/rails/rack/static.rb:31:in `call'
    C:/ruby/lib/ruby/gems/1.8/gems/rack-1.0.0/lib/rack/urlmap.rb:46:in `call'
    C:/ruby/lib/ruby/gems/1.8/gems/rack-1.0.0/lib/rack/urlmap.rb:40:in `each'
    C:/ruby/lib/ruby/gems/1.8/gems/rack-1.0.0/lib/rack/urlmap.rb:40:in `call'
    C:/ruby/lib/ruby/gems/1.8/gems/rails-2.3.3/lib/rails/rack/log_tailer.rb:17:in `call'
    C:/ruby/lib/ruby/gems/1.8/gems/rack-1.0.0/lib/rack/content_length.rb:13:in `call'
    C:/ruby/lib/ruby/gems/1.8/gems/rack-1.0.0/lib/rack/chunked.rb:15:in `call'
    C:/ruby/lib/ruby/gems/1.8/gems/rack-1.0.0/lib/rack/handler/mongrel.rb:61:in `process'
    C:/ruby/lib/ruby/gems/1.8/gems/mongrel-1.1.5-x86-mswin32-60/lib/mongrel.rb:159:in `process_client'
    C:/ruby/lib/ruby/gems/1.8/gems/mongrel-1.1.5-x86-mswin32-60/lib/mongrel.rb:158:in `each'
    C:/ruby/lib/ruby/gems/1.8/gems/mongrel-1.1.5-x86-mswin32-60/lib/mongrel.rb:158:in `process_client'
    C:/ruby/lib/ruby/gems/1.8/gems/mongrel-1.1.5-x86-mswin32-60/lib/mongrel.rb:285:in `run'
    C:/ruby/lib/ruby/gems/1.8/gems/mongrel-1.1.5-x86-mswin32-60/lib/mongrel.rb:285:in `initialize'
    C:/ruby/lib/ruby/gems/1.8/gems/mongrel-1.1.5-x86-mswin32-60/lib/mongrel.rb:285:in `new'
    C:/ruby/lib/ruby/gems/1.8/gems/mongrel-1.1.5-x86-mswin32-60/lib/mongrel.rb:285:in `run'
    C:/ruby/lib/ruby/gems/1.8/gems/mongrel-1.1.5-x86-mswin32-60/lib/mongrel.rb:268:in `initialize'
    C:/ruby/lib/ruby/gems/1.8/gems/mongrel-1.1.5-x86-mswin32-60/lib/mongrel.rb:268:in `new'
    C:/ruby/lib/ruby/gems/1.8/gems/mongrel-1.1.5-x86-mswin32-60/lib/mongrel.rb:268:in `run'
    C:/ruby/lib/ruby/gems/1.8/gems/rack-1.0.0/lib/rack/handler/mongrel.rb:34:in `run'
    C:/ruby/lib/ruby/gems/1.8/gems/rails-2.3.3/lib/commands/server.rb:111
    C:/ruby/lib/ruby/site_ruby/1.8/rubygems/custom_require.rb:31:in `gem_original_require'
    C:/ruby/lib/ruby/site_ruby/1.8/rubygems/custom_require.rb:31:in `require'
    ./script/server:3
    -e:2:in `load'
    -e:2
/!\ FAILSAFE /!\  Tue Aug 25 16:34:02 -0400 2009
  Status: 500 Internal Server Error
  126: The specified module could not be found.   - C:/ruby/lib/ruby/gems/1.8/gems/mysql-2.8.1-x86-mswin32/lib/1.8/mysql_api.so
    C:/ruby/lib/ruby/gems/1.8/gems/mysql-2.8.1-x86-mswin32/lib/1.8/mysql_api.so
    C:/ruby/lib/ruby/site_ruby/1.8/rubygems/custom_require.rb:31:in `require'
    C:/ruby/lib/ruby/gems/1.8/gems/activesupport-2.3.3/lib/active_support/dependencies.rb:156:in `require'
    C:/ruby/lib/ruby/gems/1.8/gems/activesupport-2.3.3/lib/active_support/dependencies.rb:521:in `new_constants_in'
    C:/ruby/lib/ruby/gems/1.8/gems/activesupport-2.3.3/lib/active_support/dependencies.rb:156:in `require'
    C:/ruby/lib/ruby/gems/1.8/gems/mysql-2.8.1-x86-mswin32/lib/mysql.rb:7
    C:/ruby/lib/ruby/site_ruby/1.8/rubygems/custom_require.rb:36:in `gem_original_require'
    C:/ruby/lib/ruby/site_ruby/1.8/rubygems/custom_require.rb:36:in `require'
    C:/ruby/lib/ruby/gems/1.8/gems/activesupport-2.3.3/lib/active_support/dependencies.rb:156:in `require'
    C:/ruby/lib/ruby/gems/1.8/gems/activesupport-2.3.3/lib/active_support/dependencies.rb:521:in `new_constants_in'
    C:/ruby/lib/ruby/gems/1.8/gems/activesupport-2.3.3/lib/active_support/dependencies.rb:156:in `require'
    C:/ruby/lib/ruby/gems/1.8/gems/activesupport-2.3.3/lib/active_support/core_ext/kernel/requires.rb:7:in `require_library_or_gem'
    C:/ruby/lib/ruby/gems/1.8/gems/activesupport-2.3.3/lib/active_support/core_ext/kernel/reporting.rb:11:in `silence_warnings'
    C:/ruby/lib/ruby/gems/1.8/gems/activesupport-2.3.3/lib/active_support/core_ext/kernel/requires.rb:5:in `require_library_or_gem'
    C:/ruby/lib/ruby/gems/1.8/gems/activerecord-2.3.3/lib/active_record/connection_adapters/mysql_adapter.rb:65:in `mysql_connection'
    C:/ruby/lib/ruby/gems/1.8/gems/activerecord-2.3.3/lib/active_record/connection_adapters/abstract/connection_pool.rb:223:in `send'
    C:/ruby/lib/ruby/gems/1.8/gems/activerecord-2.3.3/lib/active_record/connection_adapters/abstract/connection_pool.rb:223:in `new_connection'
    C:/ruby/lib/ruby/gems/1.8/gems/activerecord-2.3.3/lib/active_record/connection_adapters/abstract/connection_pool.rb:245:in `checkout_new_connection'
    C:/ruby/lib/ruby/gems/1.8/gems/activerecord-2.3.3/lib/active_record/connection_adapters/abstract/connection_pool.rb:188:in `checkout'
    C:/ruby/lib/ruby/gems/1.8/gems/activerecord-2.3.3/lib/active_record/connection_adapters/abstract/connection_pool.rb:184:in `loop'
    C:/ruby/lib/ruby/gems/1.8/gems/activerecord-2.3.3/lib/active_record/connection_adapters/abstract/connection_pool.rb:184:in `checkout'
    C:/ruby/lib/ruby/1.8/monitor.rb:242:in `synchronize'
    C:/ruby/lib/ruby/gems/1.8/gems/activerecord-2.3.3/lib/active_record/connection_adapters/abstract/connection_pool.rb:183:in `checkout'
    C:/ruby/lib/ruby/gems/1.8/gems/activerecord-2.3.3/lib/active_record/connection_adapters/abstract/connection_pool.rb:98:in `connection'
    C:/ruby/lib/ruby/gems/1.8/gems/activerecord-2.3.3/lib/active_record/connection_adapters/abstract/connection_pool.rb:326:in `retrieve_connection'
    C:/ruby/lib/ruby/gems/1.8/gems/activerecord-2.3.3/lib/active_record/connection_adapters/abstract/connection_specification.rb:123:in `retrieve_connection'
    C:/ruby/lib/ruby/gems/1.8/gems/activerecord-2.3.3/lib/active_record/connection_adapters/abstract/connection_specification.rb:115:in `connection'
    C:/ruby/lib/ruby/gems/1.8/gems/activerecord-2.3.3/lib/active_record/query_cache.rb:9:in `cache'
    C:/ruby/lib/ruby/gems/1.8/gems/activerecord-2.3.3/lib/active_record/query_cache.rb:28:in `call'
    C:/ruby/lib/ruby/gems/1.8/gems/activerecord-2.3.3/lib/active_record/connection_adapters/abstract/connection_pool.rb:361:in `call'
    C:/ruby/lib/ruby/gems/1.8/gems/rack-1.0.0/lib/rack/head.rb:9:in `call'
    C:/ruby/lib/ruby/gems/1.8/gems/rack-1.0.0/lib/rack/methodoverride.rb:24:in `call'
    C:/ruby/lib/ruby/gems/1.8/gems/actionpack-2.3.3/lib/action_controller/params_parser.rb:15:in `call'
    C:/ruby/lib/ruby/gems/1.8/gems/actionpack-2.3.3/lib/action_controller/session/cookie_store.rb:93:in `call'
    C:/ruby/lib/ruby/gems/1.8/gems/actionpack-2.3.3/lib/action_controller/reloader.rb:29:in `call'
    C:/ruby/lib/ruby/gems/1.8/gems/actionpack-2.3.3/lib/action_controller/failsafe.rb:26:in `call'
    C:/ruby/lib/ruby/gems/1.8/gems/rack-1.0.0/lib/rack/lock.rb:11:in `call'
    C:/ruby/lib/ruby/gems/1.8/gems/rack-1.0.0/lib/rack/lock.rb:11:in `synchronize'
    C:/ruby/lib/ruby/gems/1.8/gems/rack-1.0.0/lib/rack/lock.rb:11:in `call'
    C:/ruby/lib/ruby/gems/1.8/gems/actionpack-2.3.3/lib/action_controller/dispatcher.rb:106:in `call'
    C:/ruby/lib/ruby/gems/1.8/gems/rails-2.3.3/lib/rails/rack/static.rb:31:in `call'
    C:/ruby/lib/ruby/gems/1.8/gems/rack-1.0.0/lib/rack/urlmap.rb:46:in `call'
    C:/ruby/lib/ruby/gems/1.8/gems/rack-1.0.0/lib/rack/urlmap.rb:40:in `each'
    C:/ruby/lib/ruby/gems/1.8/gems/rack-1.0.0/lib/rack/urlmap.rb:40:in `call'
    C:/ruby/lib/ruby/gems/1.8/gems/rails-2.3.3/lib/rails/rack/log_tailer.rb:17:in `call'
    C:/ruby/lib/ruby/gems/1.8/gems/rack-1.0.0/lib/rack/content_length.rb:13:in `call'
    C:/ruby/lib/ruby/gems/1.8/gems/rack-1.0.0/lib/rack/chunked.rb:15:in `call'
    C:/ruby/lib/ruby/gems/1.8/gems/rack-1.0.0/lib/rack/handler/mongrel.rb:61:in `process'
    C:/ruby/lib/ruby/gems/1.8/gems/mongrel-1.1.5-x86-mswin32-60/lib/mongrel.rb:159:in `process_client'
    C:/ruby/lib/ruby/gems/1.8/gems/mongrel-1.1.5-x86-mswin32-60/lib/mongrel.rb:158:in `each'
    C:/ruby/lib/ruby/gems/1.8/gems/mongrel-1.1.5-x86-mswin32-60/lib/mongrel.rb:158:in `process_client'
    C:/ruby/lib/ruby/gems/1.8/gems/mongrel-1.1.5-x86-mswin32-60/lib/mongrel.rb:285:in `run'
    C:/ruby/lib/ruby/gems/1.8/gems/mongrel-1.1.5-x86-mswin32-60/lib/mongrel.rb:285:in `initialize'
    C:/ruby/lib/ruby/gems/1.8/gems/mongrel-1.1.5-x86-mswin32-60/lib/mongrel.rb:285:in `new'
    C:/ruby/lib/ruby/gems/1.8/gems/mongrel-1.1.5-x86-mswin32-60/lib/mongrel.rb:285:in `run'
    C:/ruby/lib/ruby/gems/1.8/gems/mongrel-1.1.5-x86-mswin32-60/lib/mongrel.rb:268:in `initialize'
    C:/ruby/lib/ruby/gems/1.8/gems/mongrel-1.1.5-x86-mswin32-60/lib/mongrel.rb:268:in `new'
    C:/ruby/lib/ruby/gems/1.8/gems/mongrel-1.1.5-x86-mswin32-60/lib/mongrel.rb:268:in `run'
    C:/ruby/lib/ruby/gems/1.8/gems/rack-1.0.0/lib/rack/handler/mongrel.rb:34:in `run'
    C:/ruby/lib/ruby/gems/1.8/gems/rails-2.3.3/lib/commands/server.rb:111
    C:/ruby/lib/ruby/site_ruby/1.8/rubygems/custom_require.rb:31:in `gem_original_require'
    C:/ruby/lib/ruby/site_ruby/1.8/rubygems/custom_require.rb:31:in `require'
    ./script/server:3
    -e:2:in `load'
    -e:2
/!\ FAILSAFE /!\  Tue Aug 25 16:34:09 -0400 2009
  Status: 500 Internal Server Error
  126: The specified module could not be found.   - C:/ruby/lib/ruby/gems/1.8/gems/mysql-2.8.1-x86-mswin32/lib/1.8/mysql_api.so
    C:/ruby/lib/ruby/gems/1.8/gems/mysql-2.8.1-x86-mswin32/lib/1.8/mysql_api.so
    C:/ruby/lib/ruby/site_ruby/1.8/rubygems/custom_require.rb:31:in `require'
    C:/ruby/lib/ruby/gems/1.8/gems/activesupport-2.3.3/lib/active_support/dependencies.rb:156:in `require'
    C:/ruby/lib/ruby/gems/1.8/gems/activesupport-2.3.3/lib/active_support/dependencies.rb:521:in `new_constants_in'
    C:/ruby/lib/ruby/gems/1.8/gems/activesupport-2.3.3/lib/active_support/dependencies.rb:156:in `require'
    C:/ruby/lib/ruby/gems/1.8/gems/mysql-2.8.1-x86-mswin32/lib/mysql.rb:7
    C:/ruby/lib/ruby/site_ruby/1.8/rubygems/custom_require.rb:31:in `gem_original_require'
    C:/ruby/lib/ruby/site_ruby/1.8/rubygems/custom_require.rb:31:in `require'
    C:/ruby/lib/ruby/gems/1.8/gems/activesupport-2.3.3/lib/active_support/dependencies.rb:156:in `require'
    C:/ruby/lib/ruby/gems/1.8/gems/activesupport-2.3.3/lib/active_support/dependencies.rb:521:in `new_constants_in'
    C:/ruby/lib/ruby/gems/1.8/gems/activesupport-2.3.3/lib/active_support/dependencies.rb:156:in `require'
    C:/ruby/lib/ruby/gems/1.8/gems/activesupport-2.3.3/lib/active_support/core_ext/kernel/requires.rb:7:in `require_library_or_gem'
    C:/ruby/lib/ruby/gems/1.8/gems/activesupport-2.3.3/lib/active_support/core_ext/kernel/reporting.rb:11:in `silence_warnings'
    C:/ruby/lib/ruby/gems/1.8/gems/activesupport-2.3.3/lib/active_support/core_ext/kernel/requires.rb:5:in `require_library_or_gem'
    C:/ruby/lib/ruby/gems/1.8/gems/activerecord-2.3.3/lib/active_record/connection_adapters/mysql_adapter.rb:65:in `mysql_connection'
    C:/ruby/lib/ruby/gems/1.8/gems/activerecord-2.3.3/lib/active_record/connection_adapters/abstract/connection_pool.rb:223:in `send'
    C:/ruby/lib/ruby/gems/1.8/gems/activerecord-2.3.3/lib/active_record/connection_adapters/abstract/connection_pool.rb:223:in `new_connection'
    C:/ruby/lib/ruby/gems/1.8/gems/activerecord-2.3.3/lib/active_record/connection_adapters/abstract/connection_pool.rb:245:in `checkout_new_connection'
    C:/ruby/lib/ruby/gems/1.8/gems/activerecord-2.3.3/lib/active_record/connection_adapters/abstract/connection_pool.rb:188:in `checkout'
    C:/ruby/lib/ruby/gems/1.8/gems/activerecord-2.3.3/lib/active_record/connection_adapters/abstract/connection_pool.rb:184:in `loop'
    C:/ruby/lib/ruby/gems/1.8/gems/activerecord-2.3.3/lib/active_record/connection_adapters/abstract/connection_pool.rb:184:in `checkout'
    C:/ruby/lib/ruby/1.8/monitor.rb:242:in `synchronize'
    C:/ruby/lib/ruby/gems/1.8/gems/activerecord-2.3.3/lib/active_record/connection_adapters/abstract/connection_pool.rb:183:in `checkout'
    C:/ruby/lib/ruby/gems/1.8/gems/activerecord-2.3.3/lib/active_record/connection_adapters/abstract/connection_pool.rb:98:in `connection'
    C:/ruby/lib/ruby/gems/1.8/gems/activerecord-2.3.3/lib/active_record/connection_adapters/abstract/connection_pool.rb:326:in `retrieve_connection'
    C:/ruby/lib/ruby/gems/1.8/gems/activerecord-2.3.3/lib/active_record/connection_adapters/abstract/connection_specification.rb:123:in `retrieve_connection'
    C:/ruby/lib/ruby/gems/1.8/gems/activerecord-2.3.3/lib/active_record/connection_adapters/abstract/connection_specification.rb:115:in `connection'
    C:/ruby/lib/ruby/gems/1.8/gems/activerecord-2.3.3/lib/active_record/query_cache.rb:9:in `cache'
    C:/ruby/lib/ruby/gems/1.8/gems/activerecord-2.3.3/lib/active_record/query_cache.rb:28:in `call'
    C:/ruby/lib/ruby/gems/1.8/gems/activerecord-2.3.3/lib/active_record/connection_adapters/abstract/connection_pool.rb:361:in `call'
    C:/ruby/lib/ruby/gems/1.8/gems/rack-1.0.0/lib/rack/head.rb:9:in `call'
    C:/ruby/lib/ruby/gems/1.8/gems/rack-1.0.0/lib/rack/methodoverride.rb:24:in `call'
    C:/ruby/lib/ruby/gems/1.8/gems/actionpack-2.3.3/lib/action_controller/params_parser.rb:15:in `call'
    C:/ruby/lib/ruby/gems/1.8/gems/actionpack-2.3.3/lib/action_controller/session/cookie_store.rb:93:in `call'
    C:/ruby/lib/ruby/gems/1.8/gems/actionpack-2.3.3/lib/action_controller/reloader.rb:29:in `call'
    C:/ruby/lib/ruby/gems/1.8/gems/actionpack-2.3.3/lib/action_controller/failsafe.rb:26:in `call'
    C:/ruby/lib/ruby/gems/1.8/gems/rack-1.0.0/lib/rack/lock.rb:11:in `call'
    C:/ruby/lib/ruby/gems/1.8/gems/rack-1.0.0/lib/rack/lock.rb:11:in `synchronize'
    C:/ruby/lib/ruby/gems/1.8/gems/rack-1.0.0/lib/rack/lock.rb:11:in `call'
    C:/ruby/lib/ruby/gems/1.8/gems/actionpack-2.3.3/lib/action_controller/dispatcher.rb:106:in `call'
    C:/ruby/lib/ruby/gems/1.8/gems/rails-2.3.3/lib/rails/rack/static.rb:31:in `call'
    C:/ruby/lib/ruby/gems/1.8/gems/rack-1.0.0/lib/rack/urlmap.rb:46:in `call'
    C:/ruby/lib/ruby/gems/1.8/gems/rack-1.0.0/lib/rack/urlmap.rb:40:in `each'
    C:/ruby/lib/ruby/gems/1.8/gems/rack-1.0.0/lib/rack/urlmap.rb:40:in `call'
    C:/ruby/lib/ruby/gems/1.8/gems/rails-2.3.3/lib/rails/rack/log_tailer.rb:17:in `call'
    C:/ruby/lib/ruby/gems/1.8/gems/rack-1.0.0/lib/rack/content_length.rb:13:in `call'
    C:/ruby/lib/ruby/gems/1.8/gems/rack-1.0.0/lib/rack/chunked.rb:15:in `call'
    C:/ruby/lib/ruby/gems/1.8/gems/rack-1.0.0/lib/rack/handler/mongrel.rb:61:in `process'
    C:/ruby/lib/ruby/gems/1.8/gems/mongrel-1.1.5-x86-mswin32-60/lib/mongrel.rb:159:in `process_client'
    C:/ruby/lib/ruby/gems/1.8/gems/mongrel-1.1.5-x86-mswin32-60/lib/mongrel.rb:158:in `each'
    C:/ruby/lib/ruby/gems/1.8/gems/mongrel-1.1.5-x86-mswin32-60/lib/mongrel.rb:158:in `process_client'
    C:/ruby/lib/ruby/gems/1.8/gems/mongrel-1.1.5-x86-mswin32-60/lib/mongrel.rb:285:in `run'
    C:/ruby/lib/ruby/gems/1.8/gems/mongrel-1.1.5-x86-mswin32-60/lib/mongrel.rb:285:in `initialize'
    C:/ruby/lib/ruby/gems/1.8/gems/mongrel-1.1.5-x86-mswin32-60/lib/mongrel.rb:285:in `new'
    C:/ruby/lib/ruby/gems/1.8/gems/mongrel-1.1.5-x86-mswin32-60/lib/mongrel.rb:285:in `run'
    C:/ruby/lib/ruby/gems/1.8/gems/mongrel-1.1.5-x86-mswin32-60/lib/mongrel.rb:268:in `initialize'
    C:/ruby/lib/ruby/gems/1.8/gems/mongrel-1.1.5-x86-mswin32-60/lib/mongrel.rb:268:in `new'
    C:/ruby/lib/ruby/gems/1.8/gems/mongrel-1.1.5-x86-mswin32-60/lib/mongrel.rb:268:in `run'
    C:/ruby/lib/ruby/gems/1.8/gems/rack-1.0.0/lib/rack/handler/mongrel.rb:34:in `run'
    C:/ruby/lib/ruby/gems/1.8/gems/rails-2.3.3/lib/commands/server.rb:111
    C:/ruby/lib/ruby/site_ruby/1.8/rubygems/custom_require.rb:31:in `gem_original_require'
    C:/ruby/lib/ruby/site_ruby/1.8/rubygems/custom_require.rb:31:in `require'
    ./script/server:3
    -e:2:in `load'
    -e:2
/!\ FAILSAFE /!\  Tue Aug 25 16:35:40 -0400 2009
  Status: 500 Internal Server Error
  126: The specified module could not be found.   - C:/ruby/lib/ruby/gems/1.8/gems/mysql-2.8.1-x86-mswin32/lib/1.8/mysql_api.so
    C:/ruby/lib/ruby/gems/1.8/gems/mysql-2.8.1-x86-mswin32/lib/1.8/mysql_api.so
    C:/ruby/lib/ruby/site_ruby/1.8/rubygems/custom_require.rb:31:in `require'
    C:/ruby/lib/ruby/gems/1.8/gems/activesupport-2.3.3/lib/active_support/dependencies.rb:156:in `require'
    C:/ruby/lib/ruby/gems/1.8/gems/activesupport-2.3.3/lib/active_support/dependencies.rb:521:in `new_constants_in'
    C:/ruby/lib/ruby/gems/1.8/gems/activesupport-2.3.3/lib/active_support/dependencies.rb:156:in `require'
    C:/ruby/lib/ruby/gems/1.8/gems/mysql-2.8.1-x86-mswin32/lib/mysql.rb:7
    C:/ruby/lib/ruby/site_ruby/1.8/rubygems/custom_require.rb:36:in `gem_original_require'
    C:/ruby/lib/ruby/site_ruby/1.8/rubygems/custom_require.rb:36:in `require'
    C:/ruby/lib/ruby/gems/1.8/gems/activesupport-2.3.3/lib/active_support/dependencies.rb:156:in `require'
    C:/ruby/lib/ruby/gems/1.8/gems/activesupport-2.3.3/lib/active_support/dependencies.rb:521:in `new_constants_in'
    C:/ruby/lib/ruby/gems/1.8/gems/activesupport-2.3.3/lib/active_support/dependencies.rb:156:in `require'
    C:/ruby/lib/ruby/gems/1.8/gems/activesupport-2.3.3/lib/active_support/core_ext/kernel/requires.rb:7:in `require_library_or_gem'
    C:/ruby/lib/ruby/gems/1.8/gems/activesupport-2.3.3/lib/active_support/core_ext/kernel/reporting.rb:11:in `silence_warnings'
    C:/ruby/lib/ruby/gems/1.8/gems/activesupport-2.3.3/lib/active_support/core_ext/kernel/requires.rb:5:in `require_library_or_gem'
    C:/ruby/lib/ruby/gems/1.8/gems/activerecord-2.3.3/lib/active_record/connection_adapters/mysql_adapter.rb:65:in `mysql_connection'
    C:/ruby/lib/ruby/gems/1.8/gems/activerecord-2.3.3/lib/active_record/connection_adapters/abstract/connection_pool.rb:223:in `send'
    C:/ruby/lib/ruby/gems/1.8/gems/activerecord-2.3.3/lib/active_record/connection_adapters/abstract/connection_pool.rb:223:in `new_connection'
    C:/ruby/lib/ruby/gems/1.8/gems/activerecord-2.3.3/lib/active_record/connection_adapters/abstract/connection_pool.rb:245:in `checkout_new_connection'
    C:/ruby/lib/ruby/gems/1.8/gems/activerecord-2.3.3/lib/active_record/connection_adapters/abstract/connection_pool.rb:188:in `checkout'
    C:/ruby/lib/ruby/gems/1.8/gems/activerecord-2.3.3/lib/active_record/connection_adapters/abstract/connection_pool.rb:184:in `loop'
    C:/ruby/lib/ruby/gems/1.8/gems/activerecord-2.3.3/lib/active_record/connection_adapters/abstract/connection_pool.rb:184:in `checkout'
    C:/ruby/lib/ruby/1.8/monitor.rb:242:in `synchronize'
    C:/ruby/lib/ruby/gems/1.8/gems/activerecord-2.3.3/lib/active_record/connection_adapters/abstract/connection_pool.rb:183:in `checkout'
    C:/ruby/lib/ruby/gems/1.8/gems/activerecord-2.3.3/lib/active_record/connection_adapters/abstract/connection_pool.rb:98:in `connection'
    C:/ruby/lib/ruby/gems/1.8/gems/activerecord-2.3.3/lib/active_record/connection_adapters/abstract/connection_pool.rb:326:in `retrieve_connection'
    C:/ruby/lib/ruby/gems/1.8/gems/activerecord-2.3.3/lib/active_record/connection_adapters/abstract/connection_specification.rb:123:in `retrieve_connection'
    C:/ruby/lib/ruby/gems/1.8/gems/activerecord-2.3.3/lib/active_record/connection_adapters/abstract/connection_specification.rb:115:in `connection'
    C:/ruby/lib/ruby/gems/1.8/gems/activerecord-2.3.3/lib/active_record/query_cache.rb:9:in `cache'
    C:/ruby/lib/ruby/gems/1.8/gems/activerecord-2.3.3/lib/active_record/query_cache.rb:28:in `call'
    C:/ruby/lib/ruby/gems/1.8/gems/activerecord-2.3.3/lib/active_record/connection_adapters/abstract/connection_pool.rb:361:in `call'
    C:/ruby/lib/ruby/gems/1.8/gems/rack-1.0.0/lib/rack/head.rb:9:in `call'
    C:/ruby/lib/ruby/gems/1.8/gems/rack-1.0.0/lib/rack/methodoverride.rb:24:in `call'
    C:/ruby/lib/ruby/gems/1.8/gems/actionpack-2.3.3/lib/action_controller/params_parser.rb:15:in `call'
    C:/ruby/lib/ruby/gems/1.8/gems/actionpack-2.3.3/lib/action_controller/session/cookie_store.rb:93:in `call'
    C:/ruby/lib/ruby/gems/1.8/gems/actionpack-2.3.3/lib/action_controller/reloader.rb:29:in `call'
    C:/ruby/lib/ruby/gems/1.8/gems/actionpack-2.3.3/lib/action_controller/failsafe.rb:26:in `call'
    C:/ruby/lib/ruby/gems/1.8/gems/rack-1.0.0/lib/rack/lock.rb:11:in `call'
    C:/ruby/lib/ruby/gems/1.8/gems/rack-1.0.0/lib/rack/lock.rb:11:in `synchronize'
    C:/ruby/lib/ruby/gems/1.8/gems/rack-1.0.0/lib/rack/lock.rb:11:in `call'
    C:/ruby/lib/ruby/gems/1.8/gems/actionpack-2.3.3/lib/action_controller/dispatcher.rb:106:in `call'
    C:/ruby/lib/ruby/gems/1.8/gems/rails-2.3.3/lib/rails/rack/static.rb:31:in `call'
    C:/ruby/lib/ruby/gems/1.8/gems/rack-1.0.0/lib/rack/urlmap.rb:46:in `call'
    C:/ruby/lib/ruby/gems/1.8/gems/rack-1.0.0/lib/rack/urlmap.rb:40:in `each'
    C:/ruby/lib/ruby/gems/1.8/gems/rack-1.0.0/lib/rack/urlmap.rb:40:in `call'
    C:/ruby/lib/ruby/gems/1.8/gems/rails-2.3.3/lib/rails/rack/log_tailer.rb:17:in `call'
    C:/ruby/lib/ruby/gems/1.8/gems/rack-1.0.0/lib/rack/content_length.rb:13:in `call'
    C:/ruby/lib/ruby/gems/1.8/gems/rack-1.0.0/lib/rack/chunked.rb:15:in `call'
    C:/ruby/lib/ruby/gems/1.8/gems/rack-1.0.0/lib/rack/handler/mongrel.rb:61:in `process'
    C:/ruby/lib/ruby/gems/1.8/gems/mongrel-1.1.5-x86-mswin32-60/lib/mongrel.rb:159:in `process_client'
    C:/ruby/lib/ruby/gems/1.8/gems/mongrel-1.1.5-x86-mswin32-60/lib/mongrel.rb:158:in `each'
    C:/ruby/lib/ruby/gems/1.8/gems/mongrel-1.1.5-x86-mswin32-60/lib/mongrel.rb:158:in `process_client'
    C:/ruby/lib/ruby/gems/1.8/gems/mongrel-1.1.5-x86-mswin32-60/lib/mongrel.rb:285:in `run'
    C:/ruby/lib/ruby/gems/1.8/gems/mongrel-1.1.5-x86-mswin32-60/lib/mongrel.rb:285:in `initialize'
    C:/ruby/lib/ruby/gems/1.8/gems/mongrel-1.1.5-x86-mswin32-60/lib/mongrel.rb:285:in `new'
    C:/ruby/lib/ruby/gems/1.8/gems/mongrel-1.1.5-x86-mswin32-60/lib/mongrel.rb:285:in `run'
    C:/ruby/lib/ruby/gems/1.8/gems/mongrel-1.1.5-x86-mswin32-60/lib/mongrel.rb:268:in `initialize'
    C:/ruby/lib/ruby/gems/1.8/gems/mongrel-1.1.5-x86-mswin32-60/lib/mongrel.rb:268:in `new'
    C:/ruby/lib/ruby/gems/1.8/gems/mongrel-1.1.5-x86-mswin32-60/lib/mongrel.rb:268:in `run'
    C:/ruby/lib/ruby/gems/1.8/gems/rack-1.0.0/lib/rack/handler/mongrel.rb:34:in `run'
    C:/ruby/lib/ruby/gems/1.8/gems/rails-2.3.3/lib/commands/server.rb:111
    C:/ruby/lib/ruby/site_ruby/1.8/rubygems/custom_require.rb:31:in `gem_original_require'
    C:/ruby/lib/ruby/site_ruby/1.8/rubygems/custom_require.rb:31:in `require'
    ./script/server:3
    -e:2:in `load'
    -e:2


Processing Rails::InfoController#properties (for 127.0.0.1 at 2009-08-25 17:05:49) [GET]
  [4;36;1mSQL (1.0ms)[0m   [0;1m SELECT name
 FROM sqlite_master
 WHERE type = 'table' AND NOT name = 'sqlite_sequence'
[0m
Completed in 74ms (View: 10, DB: 1) | 200 OK [http://localhost/rails/info/properties]


Processing HomeController#index (for 127.0.0.1 at 2009-08-25 17:05:59) [GET]
Rendering home/index
Completed in 56ms (View: 55, DB: 0) | 200 OK [http://localhost/home]


Processing ApplicationController#index (for 127.0.0.1 at 2009-08-25 17:06:01) [GET]

ActionController::RoutingError (No route matches "/stylesheets/images/topgrad.png" with {:method=>:get}):
  -e:2:in `load'
  -e:2

Rendering rescues/layout (not_found)


Processing ApplicationController#index (for 127.0.0.1 at 2009-08-25 17:06:01) [GET]

ActionController::RoutingError (No route matches "/stylesheets/images/headergrad.png" with {:method=>:get}):
  -e:2:in `load'
  -e:2

Rendering rescues/layout (not_found)


Processing ApplicationController#index (for 127.0.0.1 at 2009-08-25 17:06:01) [GET]

ActionController::RoutingError (No route matches "/stylesheets/images/bottomgrad.png" with {:method=>:get}):
  -e:2:in `load'
  -e:2

Rendering rescues/layout (not_found)


Processing HomeController#index (for 127.0.0.1 at 2009-08-25 17:07:12) [GET]
Rendering home/index
Completed in 3ms (View: 1, DB: 0) | 200 OK [http://localhost/home]


Processing ApplicationController#index (for 127.0.0.1 at 2009-08-25 17:07:13) [GET]

ActionController::RoutingError (No route matches "/stylesheets/images/bottomgrad.png" with {:method=>:get}):
  -e:2:in `load'
  -e:2

Rendering rescues/layout (not_found)


Processing ApplicationController#index (for 127.0.0.1 at 2009-08-25 17:07:13) [GET]

ActionController::RoutingError (No route matches "/stylesheets/images/topgrad.png" with {:method=>:get}):
  -e:2:in `load'
  -e:2

Rendering rescues/layout (not_found)


Processing ApplicationController#index (for 127.0.0.1 at 2009-08-25 17:07:13) [GET]

ActionController::RoutingError (No route matches "/stylesheets/images/headergrad.png" with {:method=>:get}):
  -e:2:in `load'
  -e:2

Rendering rescues/layout (not_found)


Processing HomeController#index (for 127.0.0.1 at 2009-08-25 17:39:36) [GET]
Rendering home/index
Completed in 15ms (View: 13, DB: 0) | 200 OK [http://localhost/home]


Processing ApplicationController#index (for 127.0.0.1 at 2009-08-25 17:39:38) [GET]

ActionController::RoutingError (No route matches "/stylesheets/images/topgrad.png" with {:method=>:get}):
  -e:2:in `load'
  -e:2

Rendering rescues/layout (not_found)


Processing ApplicationController#index (for 127.0.0.1 at 2009-08-25 17:39:38) [GET]

ActionController::RoutingError (No route matches "/stylesheets/images/headergrad.png" with {:method=>:get}):
  -e:2:in `load'
  -e:2

Rendering rescues/layout (not_found)


Processing ApplicationController#index (for 127.0.0.1 at 2009-08-25 17:39:38) [GET]

ActionController::RoutingError (No route matches "/stylesheets/images/bottomgrad.png" with {:method=>:get}):
  -e:2:in `load'
  -e:2

Rendering rescues/layout (not_found)


Processing HomeController#index (for 127.0.0.1 at 2009-08-25 17:41:51) [GET]
Rendering home/index
Completed in 3ms (View: 2, DB: 0) | 200 OK [http://localhost/home]


Processing ApplicationController#index (for 127.0.0.1 at 2009-08-25 17:41:54) [GET]

ActionController::RoutingError (No route matches "/stylesheets/topgrad.png" with {:method=>:get}):
  -e:2:in `load'
  -e:2

Rendering rescues/layout (not_found)


Processing ApplicationController#index (for 127.0.0.1 at 2009-08-25 17:41:54) [GET]

ActionController::RoutingError (No route matches "/stylesheets/headergrad.png" with {:method=>:get}):
  -e:2:in `load'
  -e:2

Rendering rescues/layout (not_found)


Processing ApplicationController#index (for 127.0.0.1 at 2009-08-25 17:41:54) [GET]

ActionController::RoutingError (No route matches "/stylesheets/bottomgrad.png" with {:method=>:get}):
  -e:2:in `load'
  -e:2

Rendering rescues/layout (not_found)


Processing HomeController#index (for 127.0.0.1 at 2009-08-25 17:42:46) [GET]
Rendering home/index
Completed in 4ms (View: 2, DB: 0) | 200 OK [http://localhost/home]


Processing ApplicationController#index (for 127.0.0.1 at 2009-08-25 17:42:47) [GET]

ActionController::RoutingError (No route matches "/stylesheets/images/topgrad.png" with {:method=>:get}):
  -e:2:in `load'
  -e:2

Rendering rescues/layout (not_found)


Processing ApplicationController#index (for 127.0.0.1 at 2009-08-25 17:42:48) [GET]

ActionController::RoutingError (No route matches "/stylesheets/images/bottomgrad.png" with {:method=>:get}):
  -e:2:in `load'
  -e:2

Rendering rescues/layout (not_found)


Processing ApplicationController#index (for 127.0.0.1 at 2009-08-25 17:42:48) [GET]

ActionController::RoutingError (No route matches "/stylesheets/images/headergrad.png" with {:method=>:get}):
  -e:2:in `load'
  -e:2

Rendering rescues/layout (not_found)


Processing HomeController#index (for 127.0.0.1 at 2009-08-25 17:44:42) [GET]
Rendering home/index
Completed in 4ms (View: 2, DB: 0) | 200 OK [http://localhost/home]


Processing ApplicationController#index (for 127.0.0.1 at 2009-08-25 17:44:43) [GET]

ActionController::RoutingError (No route matches "/stylesheets/images/topgrad.png" with {:method=>:get}):
  -e:2:in `load'
  -e:2

Rendering rescues/layout (not_found)


Processing ApplicationController#index (for 127.0.0.1 at 2009-08-25 17:44:43) [GET]

ActionController::RoutingError (No route matches "/stylesheets/images/bottomgrad.png" with {:method=>:get}):
  -e:2:in `load'
  -e:2

Rendering rescues/layout (not_found)


Processing ApplicationController#index (for 127.0.0.1 at 2009-08-25 17:44:43) [GET]

ActionController::RoutingError (No route matches "/stylesheets/images/headergrad.png" with {:method=>:get}):
  -e:2:in `load'
  -e:2

Rendering rescues/layout (not_found)


Processing HomeController#index (for 127.0.0.1 at 2009-08-25 17:45:04) [GET]
Rendering home/index
Completed in 3ms (View: 1, DB: 0) | 200 OK [http://localhost/home]


Processing ApplicationController#index (for 127.0.0.1 at 2009-08-25 17:45:06) [GET]

ActionController::RoutingError (No route matches "/stylesheets/images/topgrad.png" with {:method=>:get}):
  -e:2:in `load'
  -e:2

Rendering rescues/layout (not_found)


Processing ApplicationController#index (for 127.0.0.1 at 2009-08-25 17:45:06) [GET]

ActionController::RoutingError (No route matches "/stylesheets/images/headergrad.png" with {:method=>:get}):
  -e:2:in `load'
  -e:2

Rendering rescues/layout (not_found)


Processing ApplicationController#index (for 127.0.0.1 at 2009-08-25 17:45:06) [GET]

ActionController::RoutingError (No route matches "/stylesheets/images/bottomgrad.png" with {:method=>:get}):
  -e:2:in `load'
  -e:2

Rendering rescues/layout (not_found)


Processing HomeController#index (for 127.0.0.1 at 2009-08-25 17:47:12) [GET]
Rendering home/index
Completed in 4ms (View: 2, DB: 0) | 200 OK [http://localhost/home]


Processing HomeController#index (for 127.0.0.1 at 2009-08-25 17:47:53) [GET]
Rendering home/index
Completed in 15ms (View: 13, DB: 0) | 200 OK [http://localhost/home]


Processing HomeController#index (for 127.0.0.1 at 2009-08-25 17:47:57) [GET]
Rendering home/index
Completed in 4ms (View: 2, DB: 0) | 200 OK [http://localhost/home]


Processing HomeController#index (for 127.0.0.1 at 2009-08-25 17:48:49) [GET]
Rendering home/index
Completed in 4ms (View: 2, DB: 0) | 200 OK [http://localhost/home]


Processing HomeController#index (for 127.0.0.1 at 2009-08-25 17:52:47) [GET]
Rendering home/index
Completed in 3ms (View: 1, DB: 0) | 200 OK [http://localhost/home]


Processing ApplicationController#index (for 127.0.0.1 at 2009-08-25 17:52:48) [GET]

ActionController::RoutingError (No route matches "/stylesheets/topgrad.png" with {:method=>:get}):
  -e:2:in `load'
  -e:2

Rendering rescues/layout (not_found)


Processing ApplicationController#index (for 127.0.0.1 at 2009-08-25 17:52:48) [GET]

ActionController::RoutingError (No route matches "/stylesheets/bottomgrad.png" with {:method=>:get}):
  -e:2:in `load'
  -e:2

Rendering rescues/layout (not_found)


Processing ApplicationController#index (for 127.0.0.1 at 2009-08-25 17:52:48) [GET]

ActionController::RoutingError (No route matches "/stylesheets/headergrad.png" with {:method=>:get}):
  -e:2:in `load'
  -e:2

Rendering rescues/layout (not_found)


Processing HomeController#index (for 127.0.0.1 at 2009-08-25 17:54:16) [GET]
Rendering home/index
Completed in 4ms (View: 2, DB: 0) | 200 OK [http://localhost/home]


Processing ApplicationController#index (for 127.0.0.1 at 2009-08-25 17:54:17) [GET]

ActionController::RoutingError (No route matches "/stylesheets/bottomgrad.png" with {:method=>:get}):
  -e:2:in `load'
  -e:2

Rendering rescues/layout (not_found)


Processing ApplicationController#index (for 127.0.0.1 at 2009-08-25 17:54:17) [GET]

ActionController::RoutingError (No route matches "/stylesheets/topgrad.png" with {:method=>:get}):
  -e:2:in `load'
  -e:2

Rendering rescues/layout (not_found)


Processing ApplicationController#index (for 127.0.0.1 at 2009-08-25 17:54:17) [GET]

ActionController::RoutingError (No route matches "/stylesheets/headergrad.png" with {:method=>:get}):
  -e:2:in `load'
  -e:2

Rendering rescues/layout (not_found)


Processing HomeController#index (for 127.0.0.1 at 2009-08-25 19:01:52) [GET]
Rendering home/index
Completed in 3ms (View: 1, DB: 0) | 200 OK [http://localhost/home]


Processing ApplicationController#index (for 127.0.0.1 at 2009-08-25 19:01:54) [GET]

ActionController::RoutingError (No route matches "/stylesheets/topgrad.png" with {:method=>:get}):
  -e:2:in `load'
  -e:2

Rendering rescues/layout (not_found)


Processing ApplicationController#index (for 127.0.0.1 at 2009-08-25 19:01:54) [GET]

ActionController::RoutingError (No route matches "/stylesheets/images/rails.png" with {:method=>:get}):
  -e:2:in `load'
  -e:2

Rendering rescues/layout (not_found)


Processing ApplicationController#index (for 127.0.0.1 at 2009-08-25 19:01:54) [GET]

ActionController::RoutingError (No route matches "/stylesheets/bottomgrad.png" with {:method=>:get}):
  -e:2:in `load'
  -e:2

Rendering rescues/layout (not_found)


Processing HomeController#index (for 127.0.0.1 at 2009-08-25 19:04:37) [GET]
Rendering home/index
Completed in 24ms (View: 22, DB: 0) | 200 OK [http://localhost/home]


Processing ApplicationController#index (for 127.0.0.1 at 2009-08-25 19:04:39) [GET]

ActionController::RoutingError (No route matches "/stylesheets/images/bottomgrad.png" with {:method=>:get}):
  

Rendering rescues/layout (not_found)


Processing ApplicationController#index (for 127.0.0.1 at 2009-08-25 19:04:39) [GET]

ActionController::RoutingError (No route matches "/stylesheets/images/headergrad.png" with {:method=>:get}):
  

Rendering rescues/layout (not_found)


Processing ApplicationController#index (for 127.0.0.1 at 2009-08-25 19:04:39) [GET]

ActionController::RoutingError (No route matches "/stylesheets/images/topgrad.png" with {:method=>:get}):
  

Rendering rescues/layout (not_found)


Processing HomeController#index (for 127.0.0.1 at 2009-08-25 19:05:34) [GET]
Rendering home/index
Completed in 11ms (View: 10, DB: 0) | 200 OK [http://localhost/home]


Processing ApplicationController#index (for 127.0.0.1 at 2009-08-25 19:05:36) [GET]

ActionController::RoutingError (No route matches "/stylesheets/images/topgrad.png" with {:method=>:get}):
  

Rendering rescues/layout (not_found)


Processing ApplicationController#index (for 127.0.0.1 at 2009-08-25 19:05:36) [GET]

ActionController::RoutingError (No route matches "/stylesheets/images/headergrad.png" with {:method=>:get}):
  

Rendering rescues/layout (not_found)


Processing ApplicationController#index (for 127.0.0.1 at 2009-08-25 19:05:37) [GET]

ActionController::RoutingError (No route matches "/stylesheets/images/bottomgrad.png" with {:method=>:get}):
  

Rendering rescues/layout (not_found)


Processing HomeController#index (for 127.0.0.1 at 2009-08-25 19:08:27) [GET]
Rendering home/index
Completed in 11ms (View: 9, DB: 0) | 200 OK [http://localhost/home]


Processing ApplicationController#index (for 127.0.0.1 at 2009-08-25 19:08:28) [GET]

ActionController::RoutingError (No route matches "/stylesheets/images/topgrad.png" with {:method=>:get}):
  C:/ruby/lib/ruby/1.8/webrick/httpserver.rb:104:in `service'
  C:/ruby/lib/ruby/1.8/webrick/httpserver.rb:65:in `run'
  C:/ruby/lib/ruby/1.8/webrick/server.rb:173:in `start_thread'
  C:/ruby/lib/ruby/1.8/webrick/server.rb:162:in `start'
  C:/ruby/lib/ruby/1.8/webrick/server.rb:162:in `start_thread'
  C:/ruby/lib/ruby/1.8/webrick/server.rb:95:in `start'
  C:/ruby/lib/ruby/1.8/webrick/server.rb:92:in `each'
  C:/ruby/lib/ruby/1.8/webrick/server.rb:92:in `start'
  C:/ruby/lib/ruby/1.8/webrick/server.rb:23:in `start'
  C:/ruby/lib/ruby/1.8/webrick/server.rb:82:in `start'

Rendering rescues/layout (not_found)


Processing ApplicationController#index (for 127.0.0.1 at 2009-08-25 19:08:28) [GET]

ActionController::RoutingError (No route matches "/stylesheets/images/bottomgrad.png" with {:method=>:get}):
  C:/ruby/lib/ruby/1.8/webrick/httpserver.rb:104:in `service'
  C:/ruby/lib/ruby/1.8/webrick/httpserver.rb:65:in `run'
  C:/ruby/lib/ruby/1.8/webrick/server.rb:173:in `start_thread'
  C:/ruby/lib/ruby/1.8/webrick/server.rb:162:in `start'
  C:/ruby/lib/ruby/1.8/webrick/server.rb:162:in `start_thread'
  C:/ruby/lib/ruby/1.8/webrick/server.rb:95:in `start'
  C:/ruby/lib/ruby/1.8/webrick/server.rb:92:in `each'
  C:/ruby/lib/ruby/1.8/webrick/server.rb:92:in `start'
  C:/ruby/lib/ruby/1.8/webrick/server.rb:23:in `start'
  C:/ruby/lib/ruby/1.8/webrick/server.rb:82:in `start'

Rendering rescues/layout (not_found)


Processing ApplicationController#index (for 127.0.0.1 at 2009-08-25 19:08:28) [GET]

ActionController::RoutingError (No route matches "/stylesheets/images/headergrad.png" with {:method=>:get}):
  C:/ruby/lib/ruby/1.8/webrick/httpserver.rb:104:in `service'
  C:/ruby/lib/ruby/1.8/webrick/httpserver.rb:65:in `run'
  C:/ruby/lib/ruby/1.8/webrick/server.rb:173:in `start_thread'
  C:/ruby/lib/ruby/1.8/webrick/server.rb:162:in `start'
  C:/ruby/lib/ruby/1.8/webrick/server.rb:162:in `start_thread'
  C:/ruby/lib/ruby/1.8/webrick/server.rb:95:in `start'
  C:/ruby/lib/ruby/1.8/webrick/server.rb:92:in `each'
  C:/ruby/lib/ruby/1.8/webrick/server.rb:92:in `start'
  C:/ruby/lib/ruby/1.8/webrick/server.rb:23:in `start'
  C:/ruby/lib/ruby/1.8/webrick/server.rb:82:in `start'

Rendering rescues/layout (not_found)


Processing HomeController#index (for 127.0.0.1 at 2009-08-25 19:10:21) [GET]
Rendering home/index
Completed in 3ms (View: 2, DB: 0) | 200 OK [http://localhost/home]


Processing HomeController#index (for 127.0.0.1 at 2009-08-25 19:11:05) [GET]
Rendering home/index
Completed in 2ms (View: 2, DB: 0) | 200 OK [http://localhost/home]


Processing HomeController#index (for 127.0.0.1 at 2009-08-25 19:55:39) [GET]
Rendering home/index
Completed in 10ms (View: 8, DB: 0) | 200 OK [http://localhost/home]
