

Processing HomeController#index (for 69.37.69.110 at 2009-12-09 09:32:42) [GET]

ActiveRecord::StatementInvalid (Mysql::Error: Table 'lafacrof_production.posts' doesn't exist: SELECT * FROM `posts` WHERE (post_type = 'home')  ORDER BY created_at DESC):
  app/controllers/home_controller.rb:3:in `index'
  passenger (2.2.4) lib/phusion_passenger/rack/request_handler.rb:91:in `process_request'
  passenger (2.2.4) lib/phusion_passenger/abstract_request_handler.rb:206:in `main_loop'
  passenger (2.2.4) lib/phusion_passenger/railz/application_spawner.rb:376:in `start_request_handler'
  passenger (2.2.4) lib/phusion_passenger/railz/application_spawner.rb:334:in `handle_spawn_application'
  passenger (2.2.4) lib/phusion_passenger/utils.rb:182:in `safe_fork'
  passenger (2.2.4) lib/phusion_passenger/railz/application_spawner.rb:332:in `handle_spawn_application'
  passenger (2.2.4) lib/phusion_passenger/abstract_server.rb:351:in `__send__'
  passenger (2.2.4) lib/phusion_passenger/abstract_server.rb:351:in `main_loop'
  passenger (2.2.4) lib/phusion_passenger/abstract_server.rb:195:in `start_synchronously'
  passenger (2.2.4) lib/phusion_passenger/abstract_server.rb:162:in `start'
  passenger (2.2.4) lib/phusion_passenger/railz/application_spawner.rb:213:in `start'
  passenger (2.2.4) lib/phusion_passenger/spawn_manager.rb:261:in `spawn_rails_application'
  passenger (2.2.4) lib/phusion_passenger/abstract_server_collection.rb:126:in `lookup_or_add'
  passenger (2.2.4) lib/phusion_passenger/spawn_manager.rb:255:in `spawn_rails_application'
  passenger (2.2.4) lib/phusion_passenger/abstract_server_collection.rb:80:in `synchronize'
  passenger (2.2.4) lib/phusion_passenger/abstract_server_collection.rb:79:in `synchronize'
  passenger (2.2.4) lib/phusion_passenger/spawn_manager.rb:254:in `spawn_rails_application'
  passenger (2.2.4) lib/phusion_passenger/spawn_manager.rb:153:in `spawn_application'
  passenger (2.2.4) lib/phusion_passenger/spawn_manager.rb:286:in `handle_spawn_application'
  passenger (2.2.4) lib/phusion_passenger/abstract_server.rb:351:in `__send__'
  passenger (2.2.4) lib/phusion_passenger/abstract_server.rb:351:in `main_loop'
  passenger (2.2.4) lib/phusion_passenger/abstract_server.rb:195:in `start_synchronously'

Rendering /home/lafacrof/lafacroft/public/500.html (500 Internal Server Error)


Processing HomeController#index (for 69.37.69.110 at 2009-12-09 09:34:25) [GET]

ActiveRecord::StatementInvalid (Mysql::Error: Table 'lafacrof_production.posts' doesn't exist: SELECT * FROM `posts` WHERE (post_type = 'home')  ORDER BY created_at DESC):
  app/controllers/home_controller.rb:3:in `index'
  passenger (2.2.4) lib/phusion_passenger/rack/request_handler.rb:91:in `process_request'
  passenger (2.2.4) lib/phusion_passenger/abstract_request_handler.rb:206:in `main_loop'
  passenger (2.2.4) lib/phusion_passenger/railz/application_spawner.rb:376:in `start_request_handler'
  passenger (2.2.4) lib/phusion_passenger/railz/application_spawner.rb:334:in `handle_spawn_application'
  passenger (2.2.4) lib/phusion_passenger/utils.rb:182:in `safe_fork'
  passenger (2.2.4) lib/phusion_passenger/railz/application_spawner.rb:332:in `handle_spawn_application'
  passenger (2.2.4) lib/phusion_passenger/abstract_server.rb:351:in `__send__'
  passenger (2.2.4) lib/phusion_passenger/abstract_server.rb:351:in `main_loop'
  passenger (2.2.4) lib/phusion_passenger/abstract_server.rb:195:in `start_synchronously'
  passenger (2.2.4) lib/phusion_passenger/abstract_server.rb:162:in `start'
  passenger (2.2.4) lib/phusion_passenger/railz/application_spawner.rb:213:in `start'
  passenger (2.2.4) lib/phusion_passenger/spawn_manager.rb:261:in `spawn_rails_application'
  passenger (2.2.4) lib/phusion_passenger/abstract_server_collection.rb:126:in `lookup_or_add'
  passenger (2.2.4) lib/phusion_passenger/spawn_manager.rb:255:in `spawn_rails_application'
  passenger (2.2.4) lib/phusion_passenger/abstract_server_collection.rb:80:in `synchronize'
  passenger (2.2.4) lib/phusion_passenger/abstract_server_collection.rb:79:in `synchronize'
  passenger (2.2.4) lib/phusion_passenger/spawn_manager.rb:254:in `spawn_rails_application'
  passenger (2.2.4) lib/phusion_passenger/spawn_manager.rb:153:in `spawn_application'
  passenger (2.2.4) lib/phusion_passenger/spawn_manager.rb:286:in `handle_spawn_application'
  passenger (2.2.4) lib/phusion_passenger/abstract_server.rb:351:in `__send__'
  passenger (2.2.4) lib/phusion_passenger/abstract_server.rb:351:in `main_loop'
  passenger (2.2.4) lib/phusion_passenger/abstract_server.rb:195:in `start_synchronously'

Rendering /home/lafacrof/lafacroft/public/500.html (500 Internal Server Error)


Processing HomeController#index (for 69.37.69.110 at 2009-12-09 09:35:10) [GET]

ActiveRecord::StatementInvalid (Mysql::Error: Table 'lafacrof_production.posts' doesn't exist: SELECT * FROM `posts` WHERE (post_type = 'home')  ORDER BY created_at DESC):
  app/controllers/home_controller.rb:3:in `index'
  passenger (2.2.4) lib/phusion_passenger/rack/request_handler.rb:91:in `process_request'
  passenger (2.2.4) lib/phusion_passenger/abstract_request_handler.rb:206:in `main_loop'
  passenger (2.2.4) lib/phusion_passenger/railz/application_spawner.rb:376:in `start_request_handler'
  passenger (2.2.4) lib/phusion_passenger/railz/application_spawner.rb:334:in `handle_spawn_application'
  passenger (2.2.4) lib/phusion_passenger/utils.rb:182:in `safe_fork'
  passenger (2.2.4) lib/phusion_passenger/railz/application_spawner.rb:332:in `handle_spawn_application'
  passenger (2.2.4) lib/phusion_passenger/abstract_server.rb:351:in `__send__'
  passenger (2.2.4) lib/phusion_passenger/abstract_server.rb:351:in `main_loop'
  passenger (2.2.4) lib/phusion_passenger/abstract_server.rb:195:in `start_synchronously'
  passenger (2.2.4) lib/phusion_passenger/abstract_server.rb:162:in `start'
  passenger (2.2.4) lib/phusion_passenger/railz/application_spawner.rb:213:in `start'
  passenger (2.2.4) lib/phusion_passenger/spawn_manager.rb:261:in `spawn_rails_application'
  passenger (2.2.4) lib/phusion_passenger/abstract_server_collection.rb:126:in `lookup_or_add'
  passenger (2.2.4) lib/phusion_passenger/spawn_manager.rb:255:in `spawn_rails_application'
  passenger (2.2.4) lib/phusion_passenger/abstract_server_collection.rb:80:in `synchronize'
  passenger (2.2.4) lib/phusion_passenger/abstract_server_collection.rb:79:in `synchronize'
  passenger (2.2.4) lib/phusion_passenger/spawn_manager.rb:254:in `spawn_rails_application'
  passenger (2.2.4) lib/phusion_passenger/spawn_manager.rb:153:in `spawn_application'
  passenger (2.2.4) lib/phusion_passenger/spawn_manager.rb:286:in `handle_spawn_application'
  passenger (2.2.4) lib/phusion_passenger/abstract_server.rb:351:in `__send__'
  passenger (2.2.4) lib/phusion_passenger/abstract_server.rb:351:in `main_loop'
  passenger (2.2.4) lib/phusion_passenger/abstract_server.rb:195:in `start_synchronously'

Rendering /home/lafacrof/lafacroft/public/500.html (500 Internal Server Error)


Processing HomeController#index (for 69.37.69.110 at 2009-12-09 09:36:42) [GET]

ActiveRecord::StatementInvalid (Mysql::Error: Table 'lafacrof_production.posts' doesn't exist: SELECT * FROM `posts` WHERE (post_type = 'home')  ORDER BY created_at DESC):
  app/controllers/home_controller.rb:3:in `index'
  passenger (2.2.4) lib/phusion_passenger/rack/request_handler.rb:91:in `process_request'
  passenger (2.2.4) lib/phusion_passenger/abstract_request_handler.rb:206:in `main_loop'
  passenger (2.2.4) lib/phusion_passenger/railz/application_spawner.rb:376:in `start_request_handler'
  passenger (2.2.4) lib/phusion_passenger/railz/application_spawner.rb:334:in `handle_spawn_application'
  passenger (2.2.4) lib/phusion_passenger/utils.rb:182:in `safe_fork'
  passenger (2.2.4) lib/phusion_passenger/railz/application_spawner.rb:332:in `handle_spawn_application'
  passenger (2.2.4) lib/phusion_passenger/abstract_server.rb:351:in `__send__'
  passenger (2.2.4) lib/phusion_passenger/abstract_server.rb:351:in `main_loop'
  passenger (2.2.4) lib/phusion_passenger/abstract_server.rb:195:in `start_synchronously'
  passenger (2.2.4) lib/phusion_passenger/abstract_server.rb:162:in `start'
  passenger (2.2.4) lib/phusion_passenger/railz/application_spawner.rb:213:in `start'
  passenger (2.2.4) lib/phusion_passenger/spawn_manager.rb:261:in `spawn_rails_application'
  passenger (2.2.4) lib/phusion_passenger/abstract_server_collection.rb:126:in `lookup_or_add'
  passenger (2.2.4) lib/phusion_passenger/spawn_manager.rb:255:in `spawn_rails_application'
  passenger (2.2.4) lib/phusion_passenger/abstract_server_collection.rb:80:in `synchronize'
  passenger (2.2.4) lib/phusion_passenger/abstract_server_collection.rb:79:in `synchronize'
  passenger (2.2.4) lib/phusion_passenger/spawn_manager.rb:254:in `spawn_rails_application'
  passenger (2.2.4) lib/phusion_passenger/spawn_manager.rb:153:in `spawn_application'
  passenger (2.2.4) lib/phusion_passenger/spawn_manager.rb:286:in `handle_spawn_application'
  passenger (2.2.4) lib/phusion_passenger/abstract_server.rb:351:in `__send__'
  passenger (2.2.4) lib/phusion_passenger/abstract_server.rb:351:in `main_loop'
  passenger (2.2.4) lib/phusion_passenger/abstract_server.rb:195:in `start_synchronously'

Rendering /home/lafacrof/lafacroft/public/500.html (500 Internal Server Error)


Processing HomeController#index (for 123.125.66.22 at 2009-12-09 09:37:18) [GET]

ActiveRecord::StatementInvalid (Mysql::Error: Table 'lafacrof_production.posts' doesn't exist: SELECT * FROM `posts` WHERE (post_type = 'home')  ORDER BY created_at DESC):
  app/controllers/home_controller.rb:3:in `index'
  passenger (2.2.4) lib/phusion_passenger/rack/request_handler.rb:91:in `process_request'
  passenger (2.2.4) lib/phusion_passenger/abstract_request_handler.rb:206:in `main_loop'
  passenger (2.2.4) lib/phusion_passenger/railz/application_spawner.rb:376:in `start_request_handler'
  passenger (2.2.4) lib/phusion_passenger/railz/application_spawner.rb:334:in `handle_spawn_application'
  passenger (2.2.4) lib/phusion_passenger/utils.rb:182:in `safe_fork'
  passenger (2.2.4) lib/phusion_passenger/railz/application_spawner.rb:332:in `handle_spawn_application'
  passenger (2.2.4) lib/phusion_passenger/abstract_server.rb:351:in `__send__'
  passenger (2.2.4) lib/phusion_passenger/abstract_server.rb:351:in `main_loop'
  passenger (2.2.4) lib/phusion_passenger/abstract_server.rb:195:in `start_synchronously'
  passenger (2.2.4) lib/phusion_passenger/abstract_server.rb:162:in `start'
  passenger (2.2.4) lib/phusion_passenger/railz/application_spawner.rb:213:in `start'
  passenger (2.2.4) lib/phusion_passenger/spawn_manager.rb:261:in `spawn_rails_application'
  passenger (2.2.4) lib/phusion_passenger/abstract_server_collection.rb:126:in `lookup_or_add'
  passenger (2.2.4) lib/phusion_passenger/spawn_manager.rb:255:in `spawn_rails_application'
  passenger (2.2.4) lib/phusion_passenger/abstract_server_collection.rb:80:in `synchronize'
  passenger (2.2.4) lib/phusion_passenger/abstract_server_collection.rb:79:in `synchronize'
  passenger (2.2.4) lib/phusion_passenger/spawn_manager.rb:254:in `spawn_rails_application'
  passenger (2.2.4) lib/phusion_passenger/spawn_manager.rb:153:in `spawn_application'
  passenger (2.2.4) lib/phusion_passenger/spawn_manager.rb:286:in `handle_spawn_application'
  passenger (2.2.4) lib/phusion_passenger/abstract_server.rb:351:in `__send__'
  passenger (2.2.4) lib/phusion_passenger/abstract_server.rb:351:in `main_loop'
  passenger (2.2.4) lib/phusion_passenger/abstract_server.rb:195:in `start_synchronously'

Rendering /home/lafacrof/lafacroft/public/500.html (500 Internal Server Error)
